{
  "stats": {
    "suites": 12,
    "tests": 41,
    "passes": 24,
    "pending": 0,
    "failures": 17,
    "start": "2021-07-09T15:13:04.064Z",
    "end": "2021-07-09T15:14:38.707Z",
    "duration": 94643,
    "testsRegistered": 41,
    "passPercent": 58.536585365853654,
    "pendingPercent": 0,
    "other": 0,
    "hasOther": false,
    "skipped": 0,
    "hasSkipped": false
  },
  "results": [
    {
      "uuid": "140c38e0-eb39-4665-b580-451a6cfbe8b8",
      "title": "",
      "fullFile": "cypress/integration/project.spec.js",
      "file": "cypress/integration/project.spec.js",
      "beforeHooks": [],
      "afterHooks": [],
      "tests": [],
      "suites": [
        {
          "uuid": "d8509913-b789-44b4-bef7-138c92f5a78f",
          "title": "1 - Adicione à página o título \"Paleta de Cores\".",
          "fullFile": "",
          "file": "",
          "beforeHooks": [],
          "afterHooks": [],
          "tests": [
            {
              "title": "Verifica se contém um elemento `h1` com o id `title` com o título correto",
              "fullTitle": "1 - Adicione à página o título \"Paleta de Cores\". Verifica se contém um elemento `h1` com o id `title` com o título correto",
              "timedOut": null,
              "duration": 417,
              "state": "passed",
              "speed": "slow",
              "pass": true,
              "fail": false,
              "pending": false,
              "context": null,
              "code": "cy.get('h1#title').should('contain.text', 'Paleta de Cores');",
              "err": {},
              "uuid": "8ca6cfcd-a932-4113-9bab-fa955d3436ec",
              "parentUUID": "d8509913-b789-44b4-bef7-138c92f5a78f",
              "isHook": false,
              "skipped": false
            }
          ],
          "suites": [],
          "passes": [
            "8ca6cfcd-a932-4113-9bab-fa955d3436ec"
          ],
          "failures": [],
          "pending": [],
          "skipped": [],
          "duration": 417,
          "root": false,
          "rootEmpty": false,
          "_timeout": 2000
        },
        {
          "uuid": "b582a55a-095f-4588-a1cd-fde09ad54fd6",
          "title": "2 - Adicione à página uma paleta de quatro cores distintas.",
          "fullFile": "",
          "file": "",
          "beforeHooks": [],
          "afterHooks": [],
          "tests": [
            {
              "title": "A paleta de cores deve ser um elemento com `id` denominado `color-palette`",
              "fullTitle": "2 - Adicione à página uma paleta de quatro cores distintas. A paleta de cores deve ser um elemento com `id` denominado `color-palette`",
              "timedOut": null,
              "duration": 312,
              "state": "passed",
              "speed": "slow",
              "pass": true,
              "fail": false,
              "pending": false,
              "context": null,
              "code": "cy.get('#color-palette').should('be.visible');",
              "err": {},
              "uuid": "7f89a0e9-d669-488b-aa33-22b13257b7b2",
              "parentUUID": "b582a55a-095f-4588-a1cd-fde09ad54fd6",
              "isHook": false,
              "skipped": false
            },
            {
              "title": "Verifica se cada cor individual da paleta de cores possui a `classe` chamada `color`.",
              "fullTitle": "2 - Adicione à página uma paleta de quatro cores distintas. Verifica se cada cor individual da paleta de cores possui a `classe` chamada `color`.",
              "timedOut": null,
              "duration": 351,
              "state": "passed",
              "speed": "slow",
              "pass": true,
              "fail": false,
              "pending": false,
              "context": null,
              "code": "cy.get('.color').should('have.length', 4).then(function (colors) {\n  for (var i = 0; i < colors.length; i++) {\n    cy.wrap(colors[i]).should('be.visible');\n  }\n});",
              "err": {},
              "uuid": "c1a3f5e2-396c-4659-9505-3440cc35df85",
              "parentUUID": "b582a55a-095f-4588-a1cd-fde09ad54fd6",
              "isHook": false,
              "skipped": false
            },
            {
              "title": "Verifica se a cor de fundo de cada elemento da paleta é a cor que o elemento representa. **A única cor não permitida na paleta é a cor branca.**",
              "fullTitle": "2 - Adicione à página uma paleta de quatro cores distintas. Verifica se a cor de fundo de cada elemento da paleta é a cor que o elemento representa. **A única cor não permitida na paleta é a cor branca.**",
              "timedOut": null,
              "duration": 333,
              "state": "passed",
              "speed": "slow",
              "pass": true,
              "fail": false,
              "pending": false,
              "context": null,
              "code": "cy.get('.color').each(function (color) {\n  cy.wrap(color).should('have.class', 'color').and('not.have.css', 'background-color', WHITE);\n  cy.wrap(color).should('have.css', 'background-color');\n});",
              "err": {},
              "uuid": "7673455c-235a-4d97-a8fd-e4639156fe9d",
              "parentUUID": "b582a55a-095f-4588-a1cd-fde09ad54fd6",
              "isHook": false,
              "skipped": false
            },
            {
              "title": "Verifica se cada elemento da paleta de cores tem uma borda preta, sólida e com 1 pixel de largura;",
              "fullTitle": "2 - Adicione à página uma paleta de quatro cores distintas. Verifica se cada elemento da paleta de cores tem uma borda preta, sólida e com 1 pixel de largura;",
              "timedOut": null,
              "duration": 204,
              "state": "passed",
              "speed": "slow",
              "pass": true,
              "fail": false,
              "pending": false,
              "context": null,
              "code": "cy.get('.color').each(function (color) {\n  cy.wrap(color).and('have.css', 'border', \"1px solid \".concat(BLACK)).and('have.class', 'color');\n});",
              "err": {},
              "uuid": "805d6343-6b1a-4d17-8cd5-b89a97498512",
              "parentUUID": "b582a55a-095f-4588-a1cd-fde09ad54fd6",
              "isHook": false,
              "skipped": false
            },
            {
              "title": "Verifica se a paleta lista todas as cores disponíveis para utilização, lado a lado.",
              "fullTitle": "2 - Adicione à página uma paleta de quatro cores distintas. Verifica se a paleta lista todas as cores disponíveis para utilização, lado a lado.",
              "timedOut": null,
              "duration": 239,
              "state": "passed",
              "speed": "slow",
              "pass": true,
              "fail": false,
              "pending": false,
              "context": null,
              "code": "cy.get('.color').then(function (colors) {\n  for (var index = 1; index < colors.length; index += 1) {\n    var currentColor = colors[index];\n    var previousColor = colors[index - 1];\n    cy.wrap(currentColor).should('be.onTheRightOf', previousColor).and('be.horizontallyAlignedWith', previousColor);\n  }\n});",
              "err": {},
              "uuid": "836464f1-3263-4d6c-a343-78c9f2645b32",
              "parentUUID": "b582a55a-095f-4588-a1cd-fde09ad54fd6",
              "isHook": false,
              "skipped": false
            },
            {
              "title": "Verifica se a paleta de cores está posicionada abaixo do título 'Paleta de Cores'",
              "fullTitle": "2 - Adicione à página uma paleta de quatro cores distintas. Verifica se a paleta de cores está posicionada abaixo do título 'Paleta de Cores'",
              "timedOut": null,
              "duration": 158,
              "state": "passed",
              "speed": "slow",
              "pass": true,
              "fail": false,
              "pending": false,
              "context": null,
              "code": "cy.get('h1#title').then(function (title) {\n  cy.get('#color-palette').should('be.belowOf', title);\n});",
              "err": {},
              "uuid": "f230f255-6dc5-482a-b370-d2b346a74277",
              "parentUUID": "b582a55a-095f-4588-a1cd-fde09ad54fd6",
              "isHook": false,
              "skipped": false
            },
            {
              "title": "Verifica se a paleta de cores não contém cores repetidas.",
              "fullTitle": "2 - Adicione à página uma paleta de quatro cores distintas. Verifica se a paleta de cores não contém cores repetidas.",
              "timedOut": null,
              "duration": 184,
              "state": "passed",
              "speed": "slow",
              "pass": true,
              "fail": false,
              "pending": false,
              "context": null,
              "code": "cy.get('.color').then(function (colors) {\n  var allColors = Array.from(colors).map(function (color) {\n    return Cypress.$(color).css('background-color');\n  });\n  cy.log(allColors);\n  var uniqColors = (0, _toConsumableArray2[\"default\"])(new Set(allColors));\n  cy.log(uniqColors);\n  expect(allColors.length).to.eq(uniqColors.length);\n});",
              "err": {},
              "uuid": "b5a24e3a-b40a-4501-bad2-0520fb0efe54",
              "parentUUID": "b582a55a-095f-4588-a1cd-fde09ad54fd6",
              "isHook": false,
              "skipped": false
            }
          ],
          "suites": [],
          "passes": [
            "7f89a0e9-d669-488b-aa33-22b13257b7b2",
            "c1a3f5e2-396c-4659-9505-3440cc35df85",
            "7673455c-235a-4d97-a8fd-e4639156fe9d",
            "805d6343-6b1a-4d17-8cd5-b89a97498512",
            "836464f1-3263-4d6c-a343-78c9f2645b32",
            "f230f255-6dc5-482a-b370-d2b346a74277",
            "b5a24e3a-b40a-4501-bad2-0520fb0efe54"
          ],
          "failures": [],
          "pending": [],
          "skipped": [],
          "duration": 1781,
          "root": false,
          "rootEmpty": false,
          "_timeout": 2000
        },
        {
          "uuid": "a902a449-117b-46b8-bb83-54ac67a9d01b",
          "title": "3 - Adicione a cor **preta** como a primeira cor da paleta de cores.",
          "fullFile": "",
          "file": "",
          "beforeHooks": [],
          "afterHooks": [],
          "tests": [
            {
              "title": "Verifica se a primeira cor da paleta é preta",
              "fullTitle": "3 - Adicione a cor **preta** como a primeira cor da paleta de cores. Verifica se a primeira cor da paleta é preta",
              "timedOut": null,
              "duration": 157,
              "state": "passed",
              "speed": "slow",
              "pass": true,
              "fail": false,
              "pending": false,
              "context": null,
              "code": "cy.get('.color').first().should('have.css', 'background-color', BLACK);",
              "err": {},
              "uuid": "cbbd9764-7a57-4c09-bbc3-c15df59e5424",
              "parentUUID": "a902a449-117b-46b8-bb83-54ac67a9d01b",
              "isHook": false,
              "skipped": false
            },
            {
              "title": "Verifica se as demais cores podem ser escolhidas livremente.",
              "fullTitle": "3 - Adicione a cor **preta** como a primeira cor da paleta de cores. Verifica se as demais cores podem ser escolhidas livremente.",
              "timedOut": null,
              "duration": 348,
              "state": "passed",
              "speed": "slow",
              "pass": true,
              "fail": false,
              "pending": false,
              "context": null,
              "code": "cy.get('.color').eq(1).should('not.have.css', 'background-color', BLACK);\ncy.get('.color').eq(1).should('not.have.css', 'background-color', WHITE);\ncy.get('.color').eq(1).should('not.have.css', 'background-color', 'rgba(0, 0, 0, 0)');\ncy.get('.color').eq(1).should('have.css', 'background-color');\ncy.get('.color').eq(2).should('not.have.css', 'background-color', BLACK);\ncy.get('.color').eq(2).should('not.have.css', 'background-color', WHITE);\ncy.get('.color').eq(2).should('not.have.css', 'background-color', 'rgba(0, 0, 0, 0)');\ncy.get('.color').eq(2).should('have.css', 'background-color');\ncy.get('.color').eq(3).should('not.have.css', 'background-color', BLACK);\ncy.get('.color').eq(3).should('not.have.css', 'background-color', WHITE);\ncy.get('.color').eq(3).should('not.have.css', 'background-color', 'rgba(0, 0, 0, 0)');\ncy.get('.color').eq(3).should('have.css', 'background-color');",
              "err": {},
              "uuid": "ed8ecd20-0159-433f-84a6-e950ab86bd2e",
              "parentUUID": "a902a449-117b-46b8-bb83-54ac67a9d01b",
              "isHook": false,
              "skipped": false
            }
          ],
          "suites": [],
          "passes": [
            "cbbd9764-7a57-4c09-bbc3-c15df59e5424",
            "ed8ecd20-0159-433f-84a6-e950ab86bd2e"
          ],
          "failures": [],
          "pending": [],
          "skipped": [],
          "duration": 505,
          "root": false,
          "rootEmpty": false,
          "_timeout": 2000
        },
        {
          "uuid": "49fab688-615b-40d6-8d2b-5a8825469b41",
          "title": "4 - Adicione à página um quadro de pixels, com 25 pixels.",
          "fullFile": "",
          "file": "",
          "beforeHooks": [],
          "afterHooks": [],
          "tests": [
            {
              "title": "Verifica se o quadro de pixels possui o `id` denominado `pixel-board`",
              "fullTitle": "4 - Adicione à página um quadro de pixels, com 25 pixels. Verifica se o quadro de pixels possui o `id` denominado `pixel-board`",
              "timedOut": null,
              "duration": 204,
              "state": "passed",
              "speed": "slow",
              "pass": true,
              "fail": false,
              "pending": false,
              "context": null,
              "code": "cy.get('#pixel-board').should('be.visible');",
              "err": {},
              "uuid": "4b48ce1e-f143-41b9-a046-ce0b7b235bf6",
              "parentUUID": "49fab688-615b-40d6-8d2b-5a8825469b41",
              "isHook": false,
              "skipped": false
            },
            {
              "title": "Verifica se cada pixel individual dentro do quadro possui a `classe` denominada `pixel`.",
              "fullTitle": "4 - Adicione à página um quadro de pixels, com 25 pixels. Verifica se cada pixel individual dentro do quadro possui a `classe` denominada `pixel`.",
              "timedOut": null,
              "duration": 204,
              "state": "passed",
              "speed": "slow",
              "pass": true,
              "fail": false,
              "pending": false,
              "context": null,
              "code": "cy.get('.pixel').should('have.length', 25);",
              "err": {},
              "uuid": "276f03a2-9d99-4c33-be60-d1dba5b59c46",
              "parentUUID": "49fab688-615b-40d6-8d2b-5a8825469b41",
              "isHook": false,
              "skipped": false
            },
            {
              "title": "Verifica se a cor inicial dos pixels dentro do quadro, ao abrir a página, é branca.",
              "fullTitle": "4 - Adicione à página um quadro de pixels, com 25 pixels. Verifica se a cor inicial dos pixels dentro do quadro, ao abrir a página, é branca.",
              "timedOut": null,
              "duration": 269,
              "state": "passed",
              "speed": "slow",
              "pass": true,
              "fail": false,
              "pending": false,
              "context": null,
              "code": "cy.get('.pixel').should('have.length', 25).each(function (pixel) {\n  expect(pixel).to.have.css('background-color', WHITE);\n});",
              "err": {},
              "uuid": "920698ab-0e4f-45f0-bf74-2f338b7e2209",
              "parentUUID": "49fab688-615b-40d6-8d2b-5a8825469b41",
              "isHook": false,
              "skipped": false
            },
            {
              "title": "Verifica se o quadro de pixels aparece abaixo da paleta de cores",
              "fullTitle": "4 - Adicione à página um quadro de pixels, com 25 pixels. Verifica se o quadro de pixels aparece abaixo da paleta de cores",
              "timedOut": null,
              "duration": 259,
              "state": "passed",
              "speed": "slow",
              "pass": true,
              "fail": false,
              "pending": false,
              "context": null,
              "code": "cy.get('#color-palette').then(function (palette) {\n  cy.get('#pixel-board').should('be.belowOf', palette);\n});",
              "err": {},
              "uuid": "40c78b3d-1c46-4fff-9cab-4ca18126e4f8",
              "parentUUID": "49fab688-615b-40d6-8d2b-5a8825469b41",
              "isHook": false,
              "skipped": false
            }
          ],
          "suites": [],
          "passes": [
            "4b48ce1e-f143-41b9-a046-ce0b7b235bf6",
            "276f03a2-9d99-4c33-be60-d1dba5b59c46",
            "920698ab-0e4f-45f0-bf74-2f338b7e2209",
            "40c78b3d-1c46-4fff-9cab-4ca18126e4f8"
          ],
          "failures": [],
          "pending": [],
          "skipped": [],
          "duration": 936,
          "root": false,
          "rootEmpty": false,
          "_timeout": 2000
        },
        {
          "uuid": "df053f1d-c32a-4d05-ab26-549f53baf8ea",
          "title": "5 - Faça com que cada elemento do quadro de pixels possua 40 pixels de largura, 40 pixels de altura e seja delimitado por uma borda preta de 1 pixel.",
          "fullFile": "",
          "file": "",
          "beforeHooks": [],
          "afterHooks": [],
          "tests": [
            {
              "title": "Verifica se o quadro de pixels tem altura e comprimento de 5 elementos",
              "fullTitle": "5 - Faça com que cada elemento do quadro de pixels possua 40 pixels de largura, 40 pixels de altura e seja delimitado por uma borda preta de 1 pixel. Verifica se o quadro de pixels tem altura e comprimento de 5 elementos",
              "timedOut": null,
              "duration": 629,
              "state": "passed",
              "speed": "slow",
              "pass": true,
              "fail": false,
              "pending": false,
              "context": null,
              "code": "cy.get('.pixel').should('have.length', 25).each(function (pixel) {\n  expect(pixel).to.have.css('background-color', WHITE);\n}).and(function (pixels) {\n  var rows = chunk(pixels, 5);\n  rows.forEach(function (row) {\n    for (var index = 1; index < row.length; index += 1) {\n      var current = pixels[index];\n      var previous = pixels[index - 1];\n      cy.wrap(current).should('be.onTheRightOf', previous).and('be.horizontallyAlignedWith', previous);\n    }\n  });\n  for (var index = 1; index < 5; index += 1) {\n    expect(pixels[index * 5]).to.be.belowOf(pixels[(index - 1) * 5]);\n  }\n});",
              "err": {},
              "uuid": "f1004a8a-3e6a-48c2-a51c-105f837e8e4a",
              "parentUUID": "df053f1d-c32a-4d05-ab26-549f53baf8ea",
              "isHook": false,
              "skipped": false
            },
            {
              "title": "Verifica se 40 pixels é o tamanho total do elemento, incluindo seu conteúdo e excluindo a borda preta, que deve ser criada à parte.",
              "fullTitle": "5 - Faça com que cada elemento do quadro de pixels possua 40 pixels de largura, 40 pixels de altura e seja delimitado por uma borda preta de 1 pixel. Verifica se 40 pixels é o tamanho total do elemento, incluindo seu conteúdo e excluindo a borda preta, que deve ser criada à parte.",
              "timedOut": null,
              "duration": 525,
              "state": "passed",
              "speed": "slow",
              "pass": true,
              "fail": false,
              "pending": false,
              "context": null,
              "code": "cy.get('.pixel').each(function (pixel) {\n  cy.wrap(pixel).should('have.css', 'height', '40px').and('have.css', 'width', '40px').and('have.css', 'border', \"1px solid \".concat(BLACK));\n});",
              "err": {},
              "uuid": "c676dd92-ca5f-4365-91fc-41ae14dc7c94",
              "parentUUID": "df053f1d-c32a-4d05-ab26-549f53baf8ea",
              "isHook": false,
              "skipped": false
            }
          ],
          "suites": [],
          "passes": [
            "f1004a8a-3e6a-48c2-a51c-105f837e8e4a",
            "c676dd92-ca5f-4365-91fc-41ae14dc7c94"
          ],
          "failures": [],
          "pending": [],
          "skipped": [],
          "duration": 1154,
          "root": false,
          "rootEmpty": false,
          "_timeout": 2000
        },
        {
          "uuid": "44affaf6-0400-444f-ae70-a9a00c5b36fc",
          "title": "6 - Defina a cor preta como cor inicial. Ao carregar a página a cor preta já deve estar selecionada para pintar os pixels",
          "fullFile": "",
          "file": "",
          "beforeHooks": [],
          "afterHooks": [],
          "tests": [
            {
              "title": "Verifica se o elemento da cor preta possui, inicialmente, a `classe` `selected`",
              "fullTitle": "6 - Defina a cor preta como cor inicial. Ao carregar a página a cor preta já deve estar selecionada para pintar os pixels Verifica se o elemento da cor preta possui, inicialmente, a `classe` `selected`",
              "timedOut": null,
              "duration": 158,
              "state": "passed",
              "speed": "slow",
              "pass": true,
              "fail": false,
              "pending": false,
              "context": null,
              "code": "cy.get('.selected').first().should('have.css', 'background-color', BLACK);",
              "err": {},
              "uuid": "21fccf4b-f72d-4ed1-b4dd-6eae17cc8b71",
              "parentUUID": "44affaf6-0400-444f-ae70-a9a00c5b36fc",
              "isHook": false,
              "skipped": false
            },
            {
              "title": "Verifica se nenhuma outra cor da paleta tem a `classe` `selected`",
              "fullTitle": "6 - Defina a cor preta como cor inicial. Ao carregar a página a cor preta já deve estar selecionada para pintar os pixels Verifica se nenhuma outra cor da paleta tem a `classe` `selected`",
              "timedOut": null,
              "duration": 185,
              "state": "passed",
              "speed": "slow",
              "pass": true,
              "fail": false,
              "pending": false,
              "context": null,
              "code": "cy.get('.color:not(:first-child)').each(function (color) {\n  cy.wrap(color).should('not.have.class', 'selected');\n});",
              "err": {},
              "uuid": "5878df62-801d-4568-ac75-9d69931116e5",
              "parentUUID": "44affaf6-0400-444f-ae70-a9a00c5b36fc",
              "isHook": false,
              "skipped": false
            }
          ],
          "suites": [],
          "passes": [
            "21fccf4b-f72d-4ed1-b4dd-6eae17cc8b71",
            "5878df62-801d-4568-ac75-9d69931116e5"
          ],
          "failures": [],
          "pending": [],
          "skipped": [],
          "duration": 343,
          "root": false,
          "rootEmpty": false,
          "_timeout": 2000
        },
        {
          "uuid": "2b6a05b7-9a97-4495-9de2-69d40b43d5d2",
          "title": "7 - Clicar em uma das cores da paleta, faz com que ela seja selecionada e utilizada para preencher os pixels no quadro.",
          "fullFile": "",
          "file": "",
          "beforeHooks": [],
          "afterHooks": [],
          "tests": [
            {
              "title": "Verifica se somente uma cor da paleta de cores tem a classe `selected` de cada vez",
              "fullTitle": "7 - Clicar em uma das cores da paleta, faz com que ela seja selecionada e utilizada para preencher os pixels no quadro. Verifica se somente uma cor da paleta de cores tem a classe `selected` de cada vez",
              "timedOut": null,
              "duration": 653,
              "state": "passed",
              "speed": "slow",
              "pass": true,
              "fail": false,
              "pending": false,
              "context": null,
              "code": "cy.get('.color').each(function (selectedColor, selectedColorIndex) {\n  cy.wrap(selectedColor).click();\n  cy.get('.color').each(function (color, colorIndex) {\n    if (colorIndex === selectedColorIndex) {\n      expect(color).to.have[\"class\"]('selected');\n    } else {\n      expect(color).not.to.have[\"class\"]('selected');\n    }\n  });\n});",
              "err": {},
              "uuid": "d2f4821e-5126-423e-aff9-938e6e592f4b",
              "parentUUID": "2b6a05b7-9a97-4495-9de2-69d40b43d5d2",
              "isHook": false,
              "skipped": false
            },
            {
              "title": "Verifica se os pixels dentro do quadro não têm a classe `selected` quando são clicados",
              "fullTitle": "7 - Clicar em uma das cores da paleta, faz com que ela seja selecionada e utilizada para preencher os pixels no quadro. Verifica se os pixels dentro do quadro não têm a classe `selected` quando são clicados",
              "timedOut": null,
              "duration": 9695,
              "state": "passed",
              "speed": "slow",
              "pass": true,
              "fail": false,
              "pending": false,
              "context": null,
              "code": "cy.get('.color').each(function (color) {\n  var backgroundColor = color.css('background-color');\n  cy.wrap(color).click();\n  cy.get('.pixel').each(function (pixel) {\n    cy.wrap(pixel).click().should('not.have.class', 'selected');\n  });\n});",
              "err": {},
              "uuid": "e256c6b3-3f46-42d1-824b-7e61afa0b421",
              "parentUUID": "2b6a05b7-9a97-4495-9de2-69d40b43d5d2",
              "isHook": false,
              "skipped": false
            }
          ],
          "suites": [],
          "passes": [
            "d2f4821e-5126-423e-aff9-938e6e592f4b",
            "e256c6b3-3f46-42d1-824b-7e61afa0b421"
          ],
          "failures": [],
          "pending": [],
          "skipped": [],
          "duration": 10348,
          "root": false,
          "rootEmpty": false,
          "_timeout": 2000
        },
        {
          "uuid": "e5cce0ea-7640-4cc3-92c7-fdaabba4c460",
          "title": "8 - Clicar em um pixel dentro do quadro após selecionar uma cor na paleta, faz com que o pixel seja preenchido com a cor selecionada.",
          "fullFile": "",
          "file": "",
          "beforeHooks": [],
          "afterHooks": [],
          "tests": [
            {
              "title": "Verifica se ao carregar a página deve ser possível pintar os pixels de preto",
              "fullTitle": "8 - Clicar em um pixel dentro do quadro após selecionar uma cor na paleta, faz com que o pixel seja preenchido com a cor selecionada. Verifica se ao carregar a página deve ser possível pintar os pixels de preto",
              "timedOut": null,
              "duration": 4679,
              "state": "failed",
              "speed": null,
              "pass": false,
              "fail": true,
              "pending": false,
              "context": null,
              "code": "cy.get('.pixel').each(function (pixel) {\n  cy.wrap(pixel).click().should('have.css', 'background-color', BLACK);\n});",
              "err": {
                "message": "CypressError: Timed out retrying: expected '<div.pixel>' to have CSS property 'background-color' with the value 'rgb(0, 0, 0)', but the value was 'rgb(255, 255, 255)'",
                "estack": "CypressError: Timed out retrying: expected '<div.pixel>' to have CSS property 'background-color' with the value 'rgb(0, 0, 0)', but the value was 'rgb(255, 255, 255)'\n    at cypressErr (http://localhost:34327/__cypress/runner/cypress_runner.js:149934:9)\n    at throwErr (http://localhost:34327/__cypress/runner/cypress_runner.js:149867:11)\n    at Object.throwErrByPath (http://localhost:34327/__cypress/runner/cypress_runner.js:149915:3)\n    at retry (http://localhost:34327/__cypress/runner/cypress_runner.js:144197:19)\n    at onFailFn (http://localhost:34327/__cypress/runner/cypress_runner.js:132448:16)\n    at tryCatcher (http://localhost:34327/__cypress/runner/cypress_runner.js:167415:23)\n    at Promise._settlePromiseFromHandler (http://localhost:34327/__cypress/runner/cypress_runner.js:165351:31)\n    at Promise._settlePromise (http://localhost:34327/__cypress/runner/cypress_runner.js:165408:18)\n    at Promise._settlePromise0 (http://localhost:34327/__cypress/runner/cypress_runner.js:165453:10)\n    at Promise._settlePromises (http://localhost:34327/__cypress/runner/cypress_runner.js:165528:18)\n    at Async../node_modules/bluebird/js/release/async.js.Async._drainQueue (http://localhost:34327/__cypress/runner/cypress_runner.js:162140:16)\n    at Async../node_modules/bluebird/js/release/async.js.Async._drainQueues (http://localhost:34327/__cypress/runner/cypress_runner.js:162150:10)\n    at Async.drainQueues (http://localhost:34327/__cypress/runner/cypress_runner.js:162024:14)",
                "diff": null
              },
              "uuid": "5e0a17ef-f519-4cf9-aec3-2c2d92217d66",
              "parentUUID": "e5cce0ea-7640-4cc3-92c7-fdaabba4c460",
              "isHook": false,
              "skipped": false
            },
            {
              "title": "Verifica se após selecionar uma outra cor na paleta, é possível pintar os pixels com essa cor",
              "fullTitle": "8 - Clicar em um pixel dentro do quadro após selecionar uma cor na paleta, faz com que o pixel seja preenchido com a cor selecionada. Verifica se após selecionar uma outra cor na paleta, é possível pintar os pixels com essa cor",
              "timedOut": null,
              "duration": 4862,
              "state": "failed",
              "speed": null,
              "pass": false,
              "fail": true,
              "pending": false,
              "context": null,
              "code": "cy.get('.color').each(function (color) {\n  var backgroundColor = color.css('background-color');\n  cy.wrap(color).click();\n  cy.get('.pixel').each(function (pixel) {\n    cy.wrap(pixel).click().should('have.css', 'background-color', backgroundColor);\n  });\n});",
              "err": {
                "message": "CypressError: Timed out retrying: expected '<div.pixel>' to have CSS property 'background-color' with the value 'rgb(0, 0, 0)', but the value was 'rgb(255, 255, 255)'",
                "estack": "CypressError: Timed out retrying: expected '<div.pixel>' to have CSS property 'background-color' with the value 'rgb(0, 0, 0)', but the value was 'rgb(255, 255, 255)'\n    at cypressErr (http://localhost:34327/__cypress/runner/cypress_runner.js:149934:9)\n    at throwErr (http://localhost:34327/__cypress/runner/cypress_runner.js:149867:11)\n    at Object.throwErrByPath (http://localhost:34327/__cypress/runner/cypress_runner.js:149915:3)\n    at retry (http://localhost:34327/__cypress/runner/cypress_runner.js:144197:19)\n    at onFailFn (http://localhost:34327/__cypress/runner/cypress_runner.js:132448:16)\n    at tryCatcher (http://localhost:34327/__cypress/runner/cypress_runner.js:167415:23)\n    at Promise._settlePromiseFromHandler (http://localhost:34327/__cypress/runner/cypress_runner.js:165351:31)\n    at Promise._settlePromise (http://localhost:34327/__cypress/runner/cypress_runner.js:165408:18)\n    at Promise._settlePromise0 (http://localhost:34327/__cypress/runner/cypress_runner.js:165453:10)\n    at Promise._settlePromises (http://localhost:34327/__cypress/runner/cypress_runner.js:165528:18)\n    at Async../node_modules/bluebird/js/release/async.js.Async._drainQueue (http://localhost:34327/__cypress/runner/cypress_runner.js:162140:16)\n    at Async../node_modules/bluebird/js/release/async.js.Async._drainQueues (http://localhost:34327/__cypress/runner/cypress_runner.js:162150:10)\n    at Async.drainQueues (http://localhost:34327/__cypress/runner/cypress_runner.js:162024:14)",
                "diff": null
              },
              "uuid": "2f2ca270-37ab-4090-a76b-b4e77ae00cc9",
              "parentUUID": "e5cce0ea-7640-4cc3-92c7-fdaabba4c460",
              "isHook": false,
              "skipped": false
            },
            {
              "title": "Verifica se somente o pixel que foi clicado foi preenchido com a cor selecionada, sem influenciar na cor dos demais pixels.",
              "fullTitle": "8 - Clicar em um pixel dentro do quadro após selecionar uma cor na paleta, faz com que o pixel seja preenchido com a cor selecionada. Verifica se somente o pixel que foi clicado foi preenchido com a cor selecionada, sem influenciar na cor dos demais pixels.",
              "timedOut": null,
              "duration": 2499,
              "state": "passed",
              "speed": "slow",
              "pass": true,
              "fail": false,
              "pending": false,
              "context": null,
              "code": "var colorToPixelIndexMap = {\n  0: 6,\n  1: 8,\n  2: 16,\n  3: 18\n};\ncy.get('.color').each(function (color, index) {\n  cy.wrap(color).click();\n  var backgroundColor = color.css('background-color');\n  var clickedPixelIndex = colorToPixelIndexMap[index];\n  cy.get('.pixel').eq(clickedPixelIndex).click();\n  cy.get('.pixel').eq(clickedPixelIndex - 1).should('not.have.css', 'background-color', backgroundColor);\n  cy.get('.pixel').eq(clickedPixelIndex + 1).should('not.have.css', 'background-color', backgroundColor);\n  cy.get('.pixel').eq(clickedPixelIndex - 5).should('not.have.css', 'background-color', backgroundColor);\n  cy.get('.pixel').eq(clickedPixelIndex + 5).should('not.have.css', 'background-color', backgroundColor);\n  cy.get('.pixel').eq(clickedPixelIndex - 6).should('not.have.css', 'background-color', backgroundColor);\n  cy.get('.pixel').eq(clickedPixelIndex - 4).should('not.have.css', 'background-color', backgroundColor);\n  cy.get('.pixel').eq(clickedPixelIndex + 4).should('not.have.css', 'background-color', backgroundColor);\n  cy.get('.pixel').eq(clickedPixelIndex + 6).should('not.have.css', 'background-color', backgroundColor);\n});",
              "err": {},
              "uuid": "e12d6553-a86b-40be-989d-10260a4ede26",
              "parentUUID": "e5cce0ea-7640-4cc3-92c7-fdaabba4c460",
              "isHook": false,
              "skipped": false
            }
          ],
          "suites": [],
          "passes": [
            "e12d6553-a86b-40be-989d-10260a4ede26"
          ],
          "failures": [
            "5e0a17ef-f519-4cf9-aec3-2c2d92217d66",
            "2f2ca270-37ab-4090-a76b-b4e77ae00cc9"
          ],
          "pending": [],
          "skipped": [],
          "duration": 12040,
          "root": false,
          "rootEmpty": false,
          "_timeout": 2000
        },
        {
          "uuid": "e3cc1b2a-5f5c-4dac-b6ab-993a82169077",
          "title": "9 - Crie um botão que, ao ser clicado, limpa o quadro preenchendo a cor de todos seus pixels com branco.",
          "fullFile": "",
          "file": "",
          "beforeHooks": [],
          "afterHooks": [],
          "tests": [
            {
              "title": "Verifica se o botão tem o `id` denominado `clear-board`",
              "fullTitle": "9 - Crie um botão que, ao ser clicado, limpa o quadro preenchendo a cor de todos seus pixels com branco. Verifica se o botão tem o `id` denominado `clear-board`",
              "timedOut": null,
              "duration": 345,
              "state": "passed",
              "speed": "slow",
              "pass": true,
              "fail": false,
              "pending": false,
              "context": null,
              "code": "cy.get('#clear-board').should('be.visible');",
              "err": {},
              "uuid": "1a774a30-58ee-4481-ad49-0897dd5a8ee2",
              "parentUUID": "e3cc1b2a-5f5c-4dac-b6ab-993a82169077",
              "isHook": false,
              "skipped": false
            },
            {
              "title": "Verifica se o botão está posicionado entre a paleta de cores e o quadro de pixels",
              "fullTitle": "9 - Crie um botão que, ao ser clicado, limpa o quadro preenchendo a cor de todos seus pixels com branco. Verifica se o botão está posicionado entre a paleta de cores e o quadro de pixels",
              "timedOut": null,
              "duration": 173,
              "state": "passed",
              "speed": "slow",
              "pass": true,
              "fail": false,
              "pending": false,
              "context": null,
              "code": "cy.get('#color-palette').then(function (palette) {\n  cy.get('#clear-board').should('be.belowOf', palette);\n});\ncy.get('#clear-board').then(function (clearBtn) {\n  cy.get('#pixel-board').should('be.belowOf', clearBtn);\n});",
              "err": {},
              "uuid": "421a4867-8f59-4247-beab-60c4a855b567",
              "parentUUID": "e3cc1b2a-5f5c-4dac-b6ab-993a82169077",
              "isHook": false,
              "skipped": false
            },
            {
              "title": "Verifica se o texto do botão é 'Limpar'",
              "fullTitle": "9 - Crie um botão que, ao ser clicado, limpa o quadro preenchendo a cor de todos seus pixels com branco. Verifica se o texto do botão é 'Limpar'",
              "timedOut": null,
              "duration": 269,
              "state": "passed",
              "speed": "slow",
              "pass": true,
              "fail": false,
              "pending": false,
              "context": null,
              "code": "cy.get('#clear-board').should('contain.text', 'Limpar');",
              "err": {},
              "uuid": "ebe32d46-b860-4121-bf84-527bd0fc2bb0",
              "parentUUID": "e3cc1b2a-5f5c-4dac-b6ab-993a82169077",
              "isHook": false,
              "skipped": false
            },
            {
              "title": "Verifica se ao clicar no botão, o quadro de pixels é totalmente preenchido de branco",
              "fullTitle": "9 - Crie um botão que, ao ser clicado, limpa o quadro preenchendo a cor de todos seus pixels com branco. Verifica se ao clicar no botão, o quadro de pixels é totalmente preenchido de branco",
              "timedOut": null,
              "duration": 4648,
              "state": "failed",
              "speed": null,
              "pass": false,
              "fail": true,
              "pending": false,
              "context": null,
              "code": "cy.get('.color').eq(1).then(function (color) {\n  var backgroundColor = color.css('background-color');\n  cy.wrap(color).click();\n  cy.get('.pixel').each(function (pixel) {\n    cy.wrap(pixel).click().should('have.css', 'background-color', backgroundColor);\n  });\n});\ncy.get('#clear-board').click();\ncy.get('.pixel').each(function (pixel) {\n  cy.wrap(pixel).should('have.css', 'background-color', WHITE);\n});",
              "err": {
                "message": "CypressError: Timed out retrying: expected '<div.pixel>' to have CSS property 'background-color' with the value 'rgb(255, 255, 0)', but the value was 'rgb(255, 255, 255)'",
                "estack": "CypressError: Timed out retrying: expected '<div.pixel>' to have CSS property 'background-color' with the value 'rgb(255, 255, 0)', but the value was 'rgb(255, 255, 255)'\n    at cypressErr (http://localhost:34327/__cypress/runner/cypress_runner.js:149934:9)\n    at throwErr (http://localhost:34327/__cypress/runner/cypress_runner.js:149867:11)\n    at Object.throwErrByPath (http://localhost:34327/__cypress/runner/cypress_runner.js:149915:3)\n    at retry (http://localhost:34327/__cypress/runner/cypress_runner.js:144197:19)\n    at onFailFn (http://localhost:34327/__cypress/runner/cypress_runner.js:132448:16)\n    at tryCatcher (http://localhost:34327/__cypress/runner/cypress_runner.js:167415:23)\n    at Promise._settlePromiseFromHandler (http://localhost:34327/__cypress/runner/cypress_runner.js:165351:31)\n    at Promise._settlePromise (http://localhost:34327/__cypress/runner/cypress_runner.js:165408:18)\n    at Promise._settlePromise0 (http://localhost:34327/__cypress/runner/cypress_runner.js:165453:10)\n    at Promise._settlePromises (http://localhost:34327/__cypress/runner/cypress_runner.js:165528:18)\n    at Async../node_modules/bluebird/js/release/async.js.Async._drainQueue (http://localhost:34327/__cypress/runner/cypress_runner.js:162140:16)\n    at Async../node_modules/bluebird/js/release/async.js.Async._drainQueues (http://localhost:34327/__cypress/runner/cypress_runner.js:162150:10)\n    at Async.drainQueues (http://localhost:34327/__cypress/runner/cypress_runner.js:162024:14)",
                "diff": null
              },
              "uuid": "a42ac3d9-dac4-42c5-a81b-681c01fb04a7",
              "parentUUID": "e3cc1b2a-5f5c-4dac-b6ab-993a82169077",
              "isHook": false,
              "skipped": false
            }
          ],
          "suites": [],
          "passes": [
            "1a774a30-58ee-4481-ad49-0897dd5a8ee2",
            "421a4867-8f59-4247-beab-60c4a855b567",
            "ebe32d46-b860-4121-bf84-527bd0fc2bb0"
          ],
          "failures": [
            "a42ac3d9-dac4-42c5-a81b-681c01fb04a7"
          ],
          "pending": [],
          "skipped": [],
          "duration": 5435,
          "root": false,
          "rootEmpty": false,
          "_timeout": 2000
        },
        {
          "uuid": "c7250bc1-a832-4d02-bcf9-949167071c67",
          "title": "10 - Faça o quadro de pixels ter seu tamanho definido pelo usuário.",
          "fullFile": "",
          "file": "",
          "beforeHooks": [],
          "afterHooks": [],
          "tests": [
            {
              "title": "Verifica se existe um input com o id `board-size`",
              "fullTitle": "10 - Faça o quadro de pixels ter seu tamanho definido pelo usuário. Verifica se existe um input com o id `board-size`",
              "timedOut": null,
              "duration": 4846,
              "state": "failed",
              "speed": null,
              "pass": false,
              "fail": true,
              "pending": false,
              "context": null,
              "code": "cy.get('#board-size').should('be.visible');",
              "err": {
                "message": "CypressError: Timed out retrying: Expected to find element: '#board-size', but never found it.",
                "estack": "CypressError: Timed out retrying: Expected to find element: '#board-size', but never found it.\n    at cypressErr (http://localhost:34327/__cypress/runner/cypress_runner.js:149934:9)\n    at throwErr (http://localhost:34327/__cypress/runner/cypress_runner.js:149867:11)\n    at Object.throwErrByPath (http://localhost:34327/__cypress/runner/cypress_runner.js:149915:3)\n    at retry (http://localhost:34327/__cypress/runner/cypress_runner.js:144197:19)\n    at onFailFn (http://localhost:34327/__cypress/runner/cypress_runner.js:132448:16)\n    at tryCatcher (http://localhost:34327/__cypress/runner/cypress_runner.js:167415:23)\n    at Promise._settlePromiseFromHandler (http://localhost:34327/__cypress/runner/cypress_runner.js:165351:31)\n    at Promise._settlePromise (http://localhost:34327/__cypress/runner/cypress_runner.js:165408:18)\n    at Promise._settlePromise0 (http://localhost:34327/__cypress/runner/cypress_runner.js:165453:10)\n    at Promise._settlePromises (http://localhost:34327/__cypress/runner/cypress_runner.js:165528:18)\n    at Async../node_modules/bluebird/js/release/async.js.Async._drainQueue (http://localhost:34327/__cypress/runner/cypress_runner.js:162140:16)\n    at Async../node_modules/bluebird/js/release/async.js.Async._drainQueues (http://localhost:34327/__cypress/runner/cypress_runner.js:162150:10)\n    at Async.drainQueues (http://localhost:34327/__cypress/runner/cypress_runner.js:162024:14)",
                "diff": null
              },
              "uuid": "9dccc957-e720-42ce-97e6-1c8698a28d13",
              "parentUUID": "c7250bc1-a832-4d02-bcf9-949167071c67",
              "isHook": false,
              "skipped": false
            },
            {
              "title": "Verifica se existe um botão com o id `generate-board`",
              "fullTitle": "10 - Faça o quadro de pixels ter seu tamanho definido pelo usuário. Verifica se existe um botão com o id `generate-board`",
              "timedOut": null,
              "duration": 4907,
              "state": "failed",
              "speed": null,
              "pass": false,
              "fail": true,
              "pending": false,
              "context": null,
              "code": "cy.get('#generate-board').should('be.visible');",
              "err": {
                "message": "CypressError: Timed out retrying: Expected to find element: '#generate-board', but never found it.",
                "estack": "CypressError: Timed out retrying: Expected to find element: '#generate-board', but never found it.\n    at cypressErr (http://localhost:34327/__cypress/runner/cypress_runner.js:149934:9)\n    at throwErr (http://localhost:34327/__cypress/runner/cypress_runner.js:149867:11)\n    at Object.throwErrByPath (http://localhost:34327/__cypress/runner/cypress_runner.js:149915:3)\n    at retry (http://localhost:34327/__cypress/runner/cypress_runner.js:144197:19)\n    at onFailFn (http://localhost:34327/__cypress/runner/cypress_runner.js:132448:16)\n    at tryCatcher (http://localhost:34327/__cypress/runner/cypress_runner.js:167415:23)\n    at Promise._settlePromiseFromHandler (http://localhost:34327/__cypress/runner/cypress_runner.js:165351:31)\n    at Promise._settlePromise (http://localhost:34327/__cypress/runner/cypress_runner.js:165408:18)\n    at Promise._settlePromise0 (http://localhost:34327/__cypress/runner/cypress_runner.js:165453:10)\n    at Promise._settlePromises (http://localhost:34327/__cypress/runner/cypress_runner.js:165528:18)\n    at Async../node_modules/bluebird/js/release/async.js.Async._drainQueue (http://localhost:34327/__cypress/runner/cypress_runner.js:162140:16)\n    at Async../node_modules/bluebird/js/release/async.js.Async._drainQueues (http://localhost:34327/__cypress/runner/cypress_runner.js:162150:10)\n    at Async.drainQueues (http://localhost:34327/__cypress/runner/cypress_runner.js:162024:14)",
                "diff": null
              },
              "uuid": "0391dd99-6af7-4e5d-a137-949d289d34a8",
              "parentUUID": "c7250bc1-a832-4d02-bcf9-949167071c67",
              "isHook": false,
              "skipped": false
            },
            {
              "title": "Verifica se o input só aceita número maiores que zero. Essa restrição deve ser feita usando os atributos do elemento `input`",
              "fullTitle": "10 - Faça o quadro de pixels ter seu tamanho definido pelo usuário. Verifica se o input só aceita número maiores que zero. Essa restrição deve ser feita usando os atributos do elemento `input`",
              "timedOut": null,
              "duration": 4906,
              "state": "failed",
              "speed": null,
              "pass": false,
              "fail": true,
              "pending": false,
              "context": null,
              "code": "cy.get('#board-size[type=\\'number\\'][min=\\'1\\']');",
              "err": {
                "message": "CypressError: Timed out retrying: Expected to find element: '#board-size[type='number'][min='1']', but never found it.",
                "estack": "CypressError: Timed out retrying: Expected to find element: '#board-size[type='number'][min='1']', but never found it.\n    at cypressErr (http://localhost:34327/__cypress/runner/cypress_runner.js:149934:9)\n    at throwErr (http://localhost:34327/__cypress/runner/cypress_runner.js:149867:11)\n    at Object.throwErrByPath (http://localhost:34327/__cypress/runner/cypress_runner.js:149915:3)\n    at retry (http://localhost:34327/__cypress/runner/cypress_runner.js:144197:19)\n    at onFailFn (http://localhost:34327/__cypress/runner/cypress_runner.js:132448:16)\n    at tryCatcher (http://localhost:34327/__cypress/runner/cypress_runner.js:167415:23)\n    at Promise._settlePromiseFromHandler (http://localhost:34327/__cypress/runner/cypress_runner.js:165351:31)\n    at Promise._settlePromise (http://localhost:34327/__cypress/runner/cypress_runner.js:165408:18)\n    at Promise._settlePromise0 (http://localhost:34327/__cypress/runner/cypress_runner.js:165453:10)\n    at Promise._settlePromises (http://localhost:34327/__cypress/runner/cypress_runner.js:165528:18)\n    at Async../node_modules/bluebird/js/release/async.js.Async._drainQueue (http://localhost:34327/__cypress/runner/cypress_runner.js:162140:16)\n    at Async../node_modules/bluebird/js/release/async.js.Async._drainQueues (http://localhost:34327/__cypress/runner/cypress_runner.js:162150:10)\n    at Async.drainQueues (http://localhost:34327/__cypress/runner/cypress_runner.js:162024:14)",
                "diff": null
              },
              "uuid": "5f003a21-eaf6-49e8-be8d-9c37fa50922d",
              "parentUUID": "c7250bc1-a832-4d02-bcf9-949167071c67",
              "isHook": false,
              "skipped": false
            },
            {
              "title": "Verifica se o botão contém o texto 'VQV'",
              "fullTitle": "10 - Faça o quadro de pixels ter seu tamanho definido pelo usuário. Verifica se o botão contém o texto 'VQV'",
              "timedOut": null,
              "duration": 4908,
              "state": "failed",
              "speed": null,
              "pass": false,
              "fail": true,
              "pending": false,
              "context": null,
              "code": "cy.get('#generate-board').contains(/vqv/i);",
              "err": {
                "message": "CypressError: Timed out retrying: Expected to find element: '#generate-board', but never found it.",
                "estack": "CypressError: Timed out retrying: Expected to find element: '#generate-board', but never found it.\n    at cypressErr (http://localhost:34327/__cypress/runner/cypress_runner.js:149934:9)\n    at throwErr (http://localhost:34327/__cypress/runner/cypress_runner.js:149867:11)\n    at Object.throwErrByPath (http://localhost:34327/__cypress/runner/cypress_runner.js:149915:3)\n    at retry (http://localhost:34327/__cypress/runner/cypress_runner.js:144197:19)\n    at onFailFn (http://localhost:34327/__cypress/runner/cypress_runner.js:132448:16)\n    at tryCatcher (http://localhost:34327/__cypress/runner/cypress_runner.js:167415:23)\n    at Promise._settlePromiseFromHandler (http://localhost:34327/__cypress/runner/cypress_runner.js:165351:31)\n    at Promise._settlePromise (http://localhost:34327/__cypress/runner/cypress_runner.js:165408:18)\n    at Promise._settlePromise0 (http://localhost:34327/__cypress/runner/cypress_runner.js:165453:10)\n    at Promise._settlePromises (http://localhost:34327/__cypress/runner/cypress_runner.js:165528:18)\n    at Async../node_modules/bluebird/js/release/async.js.Async._drainQueue (http://localhost:34327/__cypress/runner/cypress_runner.js:162140:16)\n    at Async../node_modules/bluebird/js/release/async.js.Async._drainQueues (http://localhost:34327/__cypress/runner/cypress_runner.js:162150:10)\n    at Async.drainQueues (http://localhost:34327/__cypress/runner/cypress_runner.js:162024:14)",
                "diff": null
              },
              "uuid": "33df9b81-88c8-40f0-a50f-1189936f405e",
              "parentUUID": "c7250bc1-a832-4d02-bcf9-949167071c67",
              "isHook": false,
              "skipped": false
            },
            {
              "title": "Verifica se o input está posicionado entre a paleta de cores e o quadro de pixels",
              "fullTitle": "10 - Faça o quadro de pixels ter seu tamanho definido pelo usuário. Verifica se o input está posicionado entre a paleta de cores e o quadro de pixels",
              "timedOut": null,
              "duration": 4701,
              "state": "failed",
              "speed": null,
              "pass": false,
              "fail": true,
              "pending": false,
              "context": null,
              "code": "cy.get('#color-palette').then(function (palette) {\n  cy.get('#board-size').should('be.belowOf', palette);\n});\ncy.get('#board-size').then(function (palette) {\n  cy.get('#pixel-board').should('be.belowOf', palette);\n});",
              "err": {
                "message": "CypressError: Timed out retrying: Expected to find element: '#board-size', but never found it.",
                "estack": "CypressError: Timed out retrying: Expected to find element: '#board-size', but never found it.\n    at cypressErr (http://localhost:34327/__cypress/runner/cypress_runner.js:149934:9)\n    at throwErr (http://localhost:34327/__cypress/runner/cypress_runner.js:149867:11)\n    at Object.throwErrByPath (http://localhost:34327/__cypress/runner/cypress_runner.js:149915:3)\n    at retry (http://localhost:34327/__cypress/runner/cypress_runner.js:144197:19)\n    at onFailFn (http://localhost:34327/__cypress/runner/cypress_runner.js:132448:16)\n    at tryCatcher (http://localhost:34327/__cypress/runner/cypress_runner.js:167415:23)\n    at Promise._settlePromiseFromHandler (http://localhost:34327/__cypress/runner/cypress_runner.js:165351:31)\n    at Promise._settlePromise (http://localhost:34327/__cypress/runner/cypress_runner.js:165408:18)\n    at Promise._settlePromise0 (http://localhost:34327/__cypress/runner/cypress_runner.js:165453:10)\n    at Promise._settlePromises (http://localhost:34327/__cypress/runner/cypress_runner.js:165528:18)\n    at Async../node_modules/bluebird/js/release/async.js.Async._drainQueue (http://localhost:34327/__cypress/runner/cypress_runner.js:162140:16)\n    at Async../node_modules/bluebird/js/release/async.js.Async._drainQueues (http://localhost:34327/__cypress/runner/cypress_runner.js:162150:10)\n    at Async.drainQueues (http://localhost:34327/__cypress/runner/cypress_runner.js:162024:14)",
                "diff": null
              },
              "uuid": "1d421b56-5892-4798-8244-2f7eae711605",
              "parentUUID": "c7250bc1-a832-4d02-bcf9-949167071c67",
              "isHook": false,
              "skipped": false
            },
            {
              "title": "Verifica se o botão está posicionado ao lado do input",
              "fullTitle": "10 - Faça o quadro de pixels ter seu tamanho definido pelo usuário. Verifica se o botão está posicionado ao lado do input",
              "timedOut": null,
              "duration": 4746,
              "state": "failed",
              "speed": null,
              "pass": false,
              "fail": true,
              "pending": false,
              "context": null,
              "code": "cy.get('#board-size').then(function (board) {\n  cy.get('#generate-board').should('be.onTheRightOf', board);\n});",
              "err": {
                "message": "CypressError: Timed out retrying: Expected to find element: '#board-size', but never found it.",
                "estack": "CypressError: Timed out retrying: Expected to find element: '#board-size', but never found it.\n    at cypressErr (http://localhost:34327/__cypress/runner/cypress_runner.js:149934:9)\n    at throwErr (http://localhost:34327/__cypress/runner/cypress_runner.js:149867:11)\n    at Object.throwErrByPath (http://localhost:34327/__cypress/runner/cypress_runner.js:149915:3)\n    at retry (http://localhost:34327/__cypress/runner/cypress_runner.js:144197:19)\n    at onFailFn (http://localhost:34327/__cypress/runner/cypress_runner.js:132448:16)\n    at tryCatcher (http://localhost:34327/__cypress/runner/cypress_runner.js:167415:23)\n    at Promise._settlePromiseFromHandler (http://localhost:34327/__cypress/runner/cypress_runner.js:165351:31)\n    at Promise._settlePromise (http://localhost:34327/__cypress/runner/cypress_runner.js:165408:18)\n    at Promise._settlePromise0 (http://localhost:34327/__cypress/runner/cypress_runner.js:165453:10)\n    at Promise._settlePromises (http://localhost:34327/__cypress/runner/cypress_runner.js:165528:18)\n    at Async../node_modules/bluebird/js/release/async.js.Async._drainQueue (http://localhost:34327/__cypress/runner/cypress_runner.js:162140:16)\n    at Async../node_modules/bluebird/js/release/async.js.Async._drainQueues (http://localhost:34327/__cypress/runner/cypress_runner.js:162150:10)\n    at Async.drainQueues (http://localhost:34327/__cypress/runner/cypress_runner.js:162024:14)",
                "diff": null
              },
              "uuid": "3d7148ee-c8ef-4049-a460-4f2403e4f4c5",
              "parentUUID": "c7250bc1-a832-4d02-bcf9-949167071c67",
              "isHook": false,
              "skipped": false
            },
            {
              "title": "Verifica se nenhum valor for colocado no input ao clicar no botão, um `alert` é exibido com o texto: 'Board inválido!'",
              "fullTitle": "10 - Faça o quadro de pixels ter seu tamanho definido pelo usuário. Verifica se nenhum valor for colocado no input ao clicar no botão, um `alert` é exibido com o texto: 'Board inválido!'",
              "timedOut": null,
              "duration": 4727,
              "state": "failed",
              "speed": null,
              "pass": false,
              "fail": true,
              "pending": false,
              "context": null,
              "code": "var alerted = false;\ncy.on('window:alert', function (msg) {\n  return alerted = msg;\n});\ncy.get('#generate-board').click().then(function () {\n  return expect(alerted).to.match(/Board inválido!/i);\n});",
              "err": {
                "message": "CypressError: Timed out retrying: Expected to find element: '#generate-board', but never found it.",
                "estack": "CypressError: Timed out retrying: Expected to find element: '#generate-board', but never found it.\n    at cypressErr (http://localhost:34327/__cypress/runner/cypress_runner.js:149934:9)\n    at throwErr (http://localhost:34327/__cypress/runner/cypress_runner.js:149867:11)\n    at Object.throwErrByPath (http://localhost:34327/__cypress/runner/cypress_runner.js:149915:3)\n    at retry (http://localhost:34327/__cypress/runner/cypress_runner.js:144197:19)\n    at onFailFn (http://localhost:34327/__cypress/runner/cypress_runner.js:132448:16)\n    at tryCatcher (http://localhost:34327/__cypress/runner/cypress_runner.js:167415:23)\n    at Promise._settlePromiseFromHandler (http://localhost:34327/__cypress/runner/cypress_runner.js:165351:31)\n    at Promise._settlePromise (http://localhost:34327/__cypress/runner/cypress_runner.js:165408:18)\n    at Promise._settlePromise0 (http://localhost:34327/__cypress/runner/cypress_runner.js:165453:10)\n    at Promise._settlePromises (http://localhost:34327/__cypress/runner/cypress_runner.js:165528:18)\n    at Async../node_modules/bluebird/js/release/async.js.Async._drainQueue (http://localhost:34327/__cypress/runner/cypress_runner.js:162140:16)\n    at Async../node_modules/bluebird/js/release/async.js.Async._drainQueues (http://localhost:34327/__cypress/runner/cypress_runner.js:162150:10)\n    at Async.drainQueues (http://localhost:34327/__cypress/runner/cypress_runner.js:162024:14)",
                "diff": null
              },
              "uuid": "40a5ef4c-5d0a-4ac0-88da-bec053bc19bd",
              "parentUUID": "c7250bc1-a832-4d02-bcf9-949167071c67",
              "isHook": false,
              "skipped": false
            },
            {
              "title": "Verifica se ao clicar no botão com um valor preenchido, o tamanho do board muda.",
              "fullTitle": "10 - Faça o quadro de pixels ter seu tamanho definido pelo usuário. Verifica se ao clicar no botão com um valor preenchido, o tamanho do board muda.",
              "timedOut": null,
              "duration": 4826,
              "state": "failed",
              "speed": null,
              "pass": false,
              "fail": true,
              "pending": false,
              "context": null,
              "code": "cy.get('#board-size').clear().type(10);\ncy.get('#generate-board').click();\ncy.get('.pixel').should('have.length', 100);",
              "err": {
                "message": "CypressError: Timed out retrying: Expected to find element: '#board-size', but never found it.",
                "estack": "CypressError: Timed out retrying: Expected to find element: '#board-size', but never found it.\n    at cypressErr (http://localhost:34327/__cypress/runner/cypress_runner.js:149934:9)\n    at throwErr (http://localhost:34327/__cypress/runner/cypress_runner.js:149867:11)\n    at Object.throwErrByPath (http://localhost:34327/__cypress/runner/cypress_runner.js:149915:3)\n    at retry (http://localhost:34327/__cypress/runner/cypress_runner.js:144197:19)\n    at onFailFn (http://localhost:34327/__cypress/runner/cypress_runner.js:132448:16)\n    at tryCatcher (http://localhost:34327/__cypress/runner/cypress_runner.js:167415:23)\n    at Promise._settlePromiseFromHandler (http://localhost:34327/__cypress/runner/cypress_runner.js:165351:31)\n    at Promise._settlePromise (http://localhost:34327/__cypress/runner/cypress_runner.js:165408:18)\n    at Promise._settlePromise0 (http://localhost:34327/__cypress/runner/cypress_runner.js:165453:10)\n    at Promise._settlePromises (http://localhost:34327/__cypress/runner/cypress_runner.js:165528:18)\n    at Async../node_modules/bluebird/js/release/async.js.Async._drainQueue (http://localhost:34327/__cypress/runner/cypress_runner.js:162140:16)\n    at Async../node_modules/bluebird/js/release/async.js.Async._drainQueues (http://localhost:34327/__cypress/runner/cypress_runner.js:162150:10)\n    at Async.drainQueues (http://localhost:34327/__cypress/runner/cypress_runner.js:162024:14)",
                "diff": null
              },
              "uuid": "bbc35175-7044-48fb-a3f5-72d419731710",
              "parentUUID": "c7250bc1-a832-4d02-bcf9-949167071c67",
              "isHook": false,
              "skipped": false
            },
            {
              "title": "Verifica se o novo quadro tem todos os pixels preenchidos com a cor branca",
              "fullTitle": "10 - Faça o quadro de pixels ter seu tamanho definido pelo usuário. Verifica se o novo quadro tem todos os pixels preenchidos com a cor branca",
              "timedOut": null,
              "duration": 4778,
              "state": "failed",
              "speed": null,
              "pass": false,
              "fail": true,
              "pending": false,
              "context": null,
              "code": "cy.get('#board-size').clear().type(6);\ncy.get('#generate-board').click();\ncy.get('.pixel').should('have.length', 36).each(function (pixel) {\n  expect(pixel).to.have.css('background-color', WHITE);\n});",
              "err": {
                "message": "CypressError: Timed out retrying: Expected to find element: '#board-size', but never found it.",
                "estack": "CypressError: Timed out retrying: Expected to find element: '#board-size', but never found it.\n    at cypressErr (http://localhost:34327/__cypress/runner/cypress_runner.js:149934:9)\n    at throwErr (http://localhost:34327/__cypress/runner/cypress_runner.js:149867:11)\n    at Object.throwErrByPath (http://localhost:34327/__cypress/runner/cypress_runner.js:149915:3)\n    at retry (http://localhost:34327/__cypress/runner/cypress_runner.js:144197:19)\n    at onFailFn (http://localhost:34327/__cypress/runner/cypress_runner.js:132448:16)\n    at tryCatcher (http://localhost:34327/__cypress/runner/cypress_runner.js:167415:23)\n    at Promise._settlePromiseFromHandler (http://localhost:34327/__cypress/runner/cypress_runner.js:165351:31)\n    at Promise._settlePromise (http://localhost:34327/__cypress/runner/cypress_runner.js:165408:18)\n    at Promise._settlePromise0 (http://localhost:34327/__cypress/runner/cypress_runner.js:165453:10)\n    at Promise._settlePromises (http://localhost:34327/__cypress/runner/cypress_runner.js:165528:18)\n    at Async../node_modules/bluebird/js/release/async.js.Async._drainQueue (http://localhost:34327/__cypress/runner/cypress_runner.js:162140:16)\n    at Async../node_modules/bluebird/js/release/async.js.Async._drainQueues (http://localhost:34327/__cypress/runner/cypress_runner.js:162150:10)\n    at Async.drainQueues (http://localhost:34327/__cypress/runner/cypress_runner.js:162024:14)",
                "diff": null
              },
              "uuid": "4e6a064b-e989-42ad-b6b9-f1248477e771",
              "parentUUID": "c7250bc1-a832-4d02-bcf9-949167071c67",
              "isHook": false,
              "skipped": false
            }
          ],
          "suites": [],
          "passes": [],
          "failures": [
            "9dccc957-e720-42ce-97e6-1c8698a28d13",
            "0391dd99-6af7-4e5d-a137-949d289d34a8",
            "5f003a21-eaf6-49e8-be8d-9c37fa50922d",
            "33df9b81-88c8-40f0-a50f-1189936f405e",
            "1d421b56-5892-4798-8244-2f7eae711605",
            "3d7148ee-c8ef-4049-a460-4f2403e4f4c5",
            "40a5ef4c-5d0a-4ac0-88da-bec053bc19bd",
            "bbc35175-7044-48fb-a3f5-72d419731710",
            "4e6a064b-e989-42ad-b6b9-f1248477e771"
          ],
          "pending": [],
          "skipped": [],
          "duration": 43345,
          "root": false,
          "rootEmpty": false,
          "_timeout": 2000
        },
        {
          "uuid": "45890c6d-195d-43d1-8705-0188e516e15a",
          "title": "11 - Limite o tamanho mínimo e máximo do board.",
          "fullFile": "",
          "file": "",
          "beforeHooks": [],
          "afterHooks": [],
          "tests": [
            {
              "title": "Verifica se a altura máxima do board é 50",
              "fullTitle": "11 - Limite o tamanho mínimo e máximo do board. Verifica se a altura máxima do board é 50",
              "timedOut": null,
              "duration": 5039,
              "state": "failed",
              "speed": null,
              "pass": false,
              "fail": true,
              "pending": false,
              "context": null,
              "code": "cy.get('#board-size').clear().type(50);\ncy.get('#generate-board').click();\ncy.get('.pixel').should('have.length', 2500);",
              "err": {
                "message": "CypressError: Timed out retrying: Expected to find element: '#board-size', but never found it.",
                "estack": "CypressError: Timed out retrying: Expected to find element: '#board-size', but never found it.\n    at cypressErr (http://localhost:34327/__cypress/runner/cypress_runner.js:149934:9)\n    at throwErr (http://localhost:34327/__cypress/runner/cypress_runner.js:149867:11)\n    at Object.throwErrByPath (http://localhost:34327/__cypress/runner/cypress_runner.js:149915:3)\n    at retry (http://localhost:34327/__cypress/runner/cypress_runner.js:144197:19)\n    at onFailFn (http://localhost:34327/__cypress/runner/cypress_runner.js:132448:16)\n    at tryCatcher (http://localhost:34327/__cypress/runner/cypress_runner.js:167415:23)\n    at Promise._settlePromiseFromHandler (http://localhost:34327/__cypress/runner/cypress_runner.js:165351:31)\n    at Promise._settlePromise (http://localhost:34327/__cypress/runner/cypress_runner.js:165408:18)\n    at Promise._settlePromise0 (http://localhost:34327/__cypress/runner/cypress_runner.js:165453:10)\n    at Promise._settlePromises (http://localhost:34327/__cypress/runner/cypress_runner.js:165528:18)\n    at Async../node_modules/bluebird/js/release/async.js.Async._drainQueue (http://localhost:34327/__cypress/runner/cypress_runner.js:162140:16)\n    at Async../node_modules/bluebird/js/release/async.js.Async._drainQueues (http://localhost:34327/__cypress/runner/cypress_runner.js:162150:10)\n    at Async.drainQueues (http://localhost:34327/__cypress/runner/cypress_runner.js:162024:14)",
                "diff": null
              },
              "uuid": "438d2d5d-a464-403b-992a-f3bc50e930ab",
              "parentUUID": "45890c6d-195d-43d1-8705-0188e516e15a",
              "isHook": false,
              "skipped": false
            },
            {
              "title": "Verifica se a altura do board é 5 quando um valor menor é colocado no input",
              "fullTitle": "11 - Limite o tamanho mínimo e máximo do board. Verifica se a altura do board é 5 quando um valor menor é colocado no input",
              "timedOut": null,
              "duration": 4773,
              "state": "failed",
              "speed": null,
              "pass": false,
              "fail": true,
              "pending": false,
              "context": null,
              "code": "cy.get('#board-size').clear().type(4);\ncy.get('#generate-board').click();\ncy.get('.pixel').should('have.length', 25);",
              "err": {
                "message": "CypressError: Timed out retrying: Expected to find element: '#board-size', but never found it.",
                "estack": "CypressError: Timed out retrying: Expected to find element: '#board-size', but never found it.\n    at cypressErr (http://localhost:34327/__cypress/runner/cypress_runner.js:149934:9)\n    at throwErr (http://localhost:34327/__cypress/runner/cypress_runner.js:149867:11)\n    at Object.throwErrByPath (http://localhost:34327/__cypress/runner/cypress_runner.js:149915:3)\n    at retry (http://localhost:34327/__cypress/runner/cypress_runner.js:144197:19)\n    at onFailFn (http://localhost:34327/__cypress/runner/cypress_runner.js:132448:16)\n    at tryCatcher (http://localhost:34327/__cypress/runner/cypress_runner.js:167415:23)\n    at Promise._settlePromiseFromHandler (http://localhost:34327/__cypress/runner/cypress_runner.js:165351:31)\n    at Promise._settlePromise (http://localhost:34327/__cypress/runner/cypress_runner.js:165408:18)\n    at Promise._settlePromise0 (http://localhost:34327/__cypress/runner/cypress_runner.js:165453:10)\n    at Promise._settlePromises (http://localhost:34327/__cypress/runner/cypress_runner.js:165528:18)\n    at Async../node_modules/bluebird/js/release/async.js.Async._drainQueue (http://localhost:34327/__cypress/runner/cypress_runner.js:162140:16)\n    at Async../node_modules/bluebird/js/release/async.js.Async._drainQueues (http://localhost:34327/__cypress/runner/cypress_runner.js:162150:10)\n    at Async.drainQueues (http://localhost:34327/__cypress/runner/cypress_runner.js:162024:14)",
                "diff": null
              },
              "uuid": "990e2896-ed23-4b5c-b4f7-db50df0053f7",
              "parentUUID": "45890c6d-195d-43d1-8705-0188e516e15a",
              "isHook": false,
              "skipped": false
            },
            {
              "title": "Verifica se a altura do board é 50 quando um valor maior é colocado no input",
              "fullTitle": "11 - Limite o tamanho mínimo e máximo do board. Verifica se a altura do board é 50 quando um valor maior é colocado no input",
              "timedOut": null,
              "duration": 4767,
              "state": "failed",
              "speed": null,
              "pass": false,
              "fail": true,
              "pending": false,
              "context": null,
              "code": "cy.get('#board-size').clear().type(51);\ncy.get('#generate-board').click();\ncy.get('.pixel').should('have.length', 2500);",
              "err": {
                "message": "CypressError: Timed out retrying: Expected to find element: '#board-size', but never found it.",
                "estack": "CypressError: Timed out retrying: Expected to find element: '#board-size', but never found it.\n    at cypressErr (http://localhost:34327/__cypress/runner/cypress_runner.js:149934:9)\n    at throwErr (http://localhost:34327/__cypress/runner/cypress_runner.js:149867:11)\n    at Object.throwErrByPath (http://localhost:34327/__cypress/runner/cypress_runner.js:149915:3)\n    at retry (http://localhost:34327/__cypress/runner/cypress_runner.js:144197:19)\n    at onFailFn (http://localhost:34327/__cypress/runner/cypress_runner.js:132448:16)\n    at tryCatcher (http://localhost:34327/__cypress/runner/cypress_runner.js:167415:23)\n    at Promise._settlePromiseFromHandler (http://localhost:34327/__cypress/runner/cypress_runner.js:165351:31)\n    at Promise._settlePromise (http://localhost:34327/__cypress/runner/cypress_runner.js:165408:18)\n    at Promise._settlePromise0 (http://localhost:34327/__cypress/runner/cypress_runner.js:165453:10)\n    at Promise._settlePromises (http://localhost:34327/__cypress/runner/cypress_runner.js:165528:18)\n    at Async../node_modules/bluebird/js/release/async.js.Async._drainQueue (http://localhost:34327/__cypress/runner/cypress_runner.js:162140:16)\n    at Async../node_modules/bluebird/js/release/async.js.Async._drainQueues (http://localhost:34327/__cypress/runner/cypress_runner.js:162150:10)\n    at Async.drainQueues (http://localhost:34327/__cypress/runner/cypress_runner.js:162024:14)",
                "diff": null
              },
              "uuid": "bf7d7367-1cce-4fd9-851c-f67751c2b83c",
              "parentUUID": "45890c6d-195d-43d1-8705-0188e516e15a",
              "isHook": false,
              "skipped": false
            }
          ],
          "suites": [],
          "passes": [],
          "failures": [
            "438d2d5d-a464-403b-992a-f3bc50e930ab",
            "990e2896-ed23-4b5c-b4f7-db50df0053f7",
            "bf7d7367-1cce-4fd9-851c-f67751c2b83c"
          ],
          "pending": [],
          "skipped": [],
          "duration": 14579,
          "root": false,
          "rootEmpty": false,
          "_timeout": 2000
        },
        {
          "uuid": "db06a979-fd7f-497e-9b45-5a6bb3d53344",
          "title": "12 - Faça com que as cores da paleta sejam geradas aleatoriamente ao carregar a página.",
          "fullFile": "",
          "file": "",
          "beforeHooks": [],
          "afterHooks": [],
          "tests": [
            {
              "title": "Verifica se as cores geradas na paleta são diferentes a cada carregamento da página",
              "fullTitle": "12 - Faça com que as cores da paleta sejam geradas aleatoriamente ao carregar a página. Verifica se as cores geradas na paleta são diferentes a cada carregamento da página",
              "timedOut": null,
              "duration": 956,
              "state": "failed",
              "speed": null,
              "pass": false,
              "fail": true,
              "pending": false,
              "context": null,
              "code": "cy.get('.color').then(function (colors) {\n  var currentColors;\n  var previousColors;\n  previousColors = Array.from(colors).map(function (color) {\n    return Cypress.$(color).css('background-color');\n  });\n  for (var i = 0; i < 5; i += 1) {\n    cy.reload();\n    cy.get('.color').then(function (colors) {\n      currentColors = Array.from(colors).map(function (color) {\n        return Cypress.$(color).css('background-color');\n      });\n      expect(currentColors).not.to.deep.equal(previousColors);\n      previousColors = currentColors;\n    });\n  }\n});",
              "err": {
                "message": "AssertionError: expected [ Array(4) ] to not deeply equal [ Array(4) ]",
                "estack": "AssertionError: expected [ Array(4) ] to not deeply equal [ Array(4) ]\n    at getRet (http://localhost:34327/__cypress/runner/cypress_runner.js:136585:16)\n    at tryCatcher (http://localhost:34327/__cypress/runner/cypress_runner.js:167415:23)\n    at Function.Promise.attempt.Promise.try (http://localhost:34327/__cypress/runner/cypress_runner.js:164690:29)\n    at Context.thenFn (http://localhost:34327/__cypress/runner/cypress_runner.js:136599:23)\n    at Context.then (http://localhost:34327/__cypress/runner/cypress_runner.js:136971:21)\n    at Context.<anonymous> (http://localhost:34327/__cypress/runner/cypress_runner.js:148875:21)\n    at http://localhost:34327/__cypress/runner/cypress_runner.js:148351:33\n    at tryCatcher (http://localhost:34327/__cypress/runner/cypress_runner.js:167415:23)\n    at Promise._settlePromiseFromHandler (http://localhost:34327/__cypress/runner/cypress_runner.js:165351:31)\n    at Promise._settlePromise (http://localhost:34327/__cypress/runner/cypress_runner.js:165408:18)\n    at Promise._settlePromiseCtx (http://localhost:34327/__cypress/runner/cypress_runner.js:165445:10)\n    at Async../node_modules/bluebird/js/release/async.js.Async._drainQueue (http://localhost:34327/__cypress/runner/cypress_runner.js:162145:12)\n    at Async../node_modules/bluebird/js/release/async.js.Async._drainQueues (http://localhost:34327/__cypress/runner/cypress_runner.js:162150:10)\n    at Async.drainQueues (http://localhost:34327/__cypress/runner/cypress_runner.js:162024:14)",
                "diff": ""
              },
              "uuid": "862df3c7-36dd-4e19-9442-4e4ffb6ec652",
              "parentUUID": "db06a979-fd7f-497e-9b45-5a6bb3d53344",
              "isHook": false,
              "skipped": false
            },
            {
              "title": "Verifica se a cor preta ainda está presente e é a primeira na sua paleta de cores",
              "fullTitle": "12 - Faça com que as cores da paleta sejam geradas aleatoriamente ao carregar a página. Verifica se a cor preta ainda está presente e é a primeira na sua paleta de cores",
              "timedOut": null,
              "duration": 786,
              "state": "failed",
              "speed": null,
              "pass": false,
              "fail": true,
              "pending": false,
              "context": null,
              "code": "cy.get('.color').then(function (colors) {\n  var currentColors;\n  var previousColors;\n  previousColors = Array.from(colors).map(function (color) {\n    return Cypress.$(color).css('background-color');\n  });\n  expect(previousColors[0]).to.eq(BLACK);\n  for (var i = 0; i < 5; i += 1) {\n    cy.reload();\n    cy.get('.color').then(function (colors) {\n      currentColors = Array.from(colors).map(function (color) {\n        return Cypress.$(color).css('background-color');\n      });\n      expect(currentColors[0]).to.eq(BLACK);\n      expect(currentColors).not.to.deep.equal(previousColors);\n      previousColors = currentColors;\n    });\n  }\n});",
              "err": {
                "message": "AssertionError: expected [ Array(4) ] to not deeply equal [ Array(4) ]",
                "estack": "AssertionError: expected [ Array(4) ] to not deeply equal [ Array(4) ]\n    at getRet (http://localhost:34327/__cypress/runner/cypress_runner.js:136585:16)\n    at tryCatcher (http://localhost:34327/__cypress/runner/cypress_runner.js:167415:23)\n    at Function.Promise.attempt.Promise.try (http://localhost:34327/__cypress/runner/cypress_runner.js:164690:29)\n    at Context.thenFn (http://localhost:34327/__cypress/runner/cypress_runner.js:136599:23)\n    at Context.then (http://localhost:34327/__cypress/runner/cypress_runner.js:136971:21)\n    at Context.<anonymous> (http://localhost:34327/__cypress/runner/cypress_runner.js:148875:21)\n    at http://localhost:34327/__cypress/runner/cypress_runner.js:148351:33\n    at tryCatcher (http://localhost:34327/__cypress/runner/cypress_runner.js:167415:23)\n    at Promise._settlePromiseFromHandler (http://localhost:34327/__cypress/runner/cypress_runner.js:165351:31)\n    at Promise._settlePromise (http://localhost:34327/__cypress/runner/cypress_runner.js:165408:18)\n    at Promise._settlePromiseCtx (http://localhost:34327/__cypress/runner/cypress_runner.js:165445:10)\n    at Async../node_modules/bluebird/js/release/async.js.Async._drainQueue (http://localhost:34327/__cypress/runner/cypress_runner.js:162145:12)\n    at Async../node_modules/bluebird/js/release/async.js.Async._drainQueues (http://localhost:34327/__cypress/runner/cypress_runner.js:162150:10)\n    at Async.drainQueues (http://localhost:34327/__cypress/runner/cypress_runner.js:162024:14)",
                "diff": ""
              },
              "uuid": "811314d5-fb13-47da-bd8c-d6ae7dceb01b",
              "parentUUID": "db06a979-fd7f-497e-9b45-5a6bb3d53344",
              "isHook": false,
              "skipped": false
            }
          ],
          "suites": [],
          "passes": [],
          "failures": [
            "862df3c7-36dd-4e19-9442-4e4ffb6ec652",
            "811314d5-fb13-47da-bd8c-d6ae7dceb01b"
          ],
          "pending": [],
          "skipped": [],
          "duration": 1742,
          "root": false,
          "rootEmpty": false,
          "_timeout": 2000
        }
      ],
      "passes": [],
      "failures": [],
      "pending": [],
      "skipped": [],
      "duration": 0,
      "root": true,
      "rootEmpty": true,
      "_timeout": 2000
    }
  ],
  "meta": {
    "mocha": {
      "version": "7.0.1"
    },
    "mochawesome": {
      "options": {
        "quiet": false,
        "reportFilename": "mochawesome",
        "saveHtml": false,
        "saveJson": true,
        "consoleReporter": "spec",
        "useInlineDiffs": false
      },
      "version": "4.1.0"
    },
    "marge": {
      "options": {
        "id": "default",
        "reportDir": "cypress/reports",
        "overwrite": true,
        "html": false,
        "json": true
      },
      "version": "4.1.0"
    }
  }
}